{
  "stats": {
    "suites": 1,
    "tests": 1,
    "passes": 1,
    "pending": 0,
    "failures": 0,
    "start": "2020-07-31T07:41:23.670Z",
    "end": "2020-07-31T07:41:49.367Z",
    "duration": 25697,
    "testsRegistered": 1,
    "passPercent": 100,
    "pendingPercent": 0,
    "other": 0,
    "hasOther": false,
    "skipped": 0,
    "hasSkipped": false
  },
  "results": [
    {
      "uuid": "e5500220-f5c7-4065-babe-679b7a2c73b9",
      "title": "",
      "fullFile": "cypress\\integration\\explore_campaigns.js",
      "file": "cypress\\integration\\explore_campaigns.js",
      "beforeHooks": [],
      "afterHooks": [],
      "tests": [],
      "suites": [
        {
          "uuid": "35f180fc-a832-4d6f-b557-4604d53d4458",
          "title": "Explore campaigns",
          "fullFile": "",
          "file": "",
          "beforeHooks": [],
          "afterHooks": [],
          "tests": [
            {
              "title": "Explore campaigns by category successfully",
              "fullTitle": "Explore campaigns Explore campaigns by category successfully",
              "timedOut": null,
              "duration": 25370,
              "state": "passed",
              "speed": "slow",
              "pass": true,
              "fail": false,
              "pending": false,
              "context": null,
              "code": "var mainPage = new _main_page[\"default\"]();\nmainPage.visit().login(this.user.email, this.user.password).exploreCampaignCategoryByText(\"Audio\").getLabel().should(\"eq\", \"Audio\");",
              "err": {},
              "uuid": "53b70e05-a5da-4d9c-ab7c-247c3410c0a6",
              "parentUUID": "35f180fc-a832-4d6f-b557-4604d53d4458",
              "isHook": false,
              "skipped": false
            }
          ],
          "suites": [],
          "passes": [
            "53b70e05-a5da-4d9c-ab7c-247c3410c0a6"
          ],
          "failures": [],
          "pending": [],
          "skipped": [],
          "duration": 25370,
          "root": false,
          "rootEmpty": false,
          "_timeout": 2000
        }
      ],
      "passes": [],
      "failures": [],
      "pending": [],
      "skipped": [],
      "duration": 0,
      "root": true,
      "rootEmpty": true,
      "_timeout": 2000
    }
  ],
  "meta": {
    "mocha": {
      "version": "7.0.1"
    },
    "mochawesome": {
      "options": {
        "quiet": false,
        "reportFilename": "mochawesome",
        "saveHtml": false,
        "saveJson": true,
        "consoleReporter": "spec",
        "useInlineDiffs": false
      },
      "version": "4.1.0"
    },
    "marge": {
      "options": {
        "reportDir": "cypress/reports/mochareports/mocha",
        "overwrite": false,
        "html": false,
        "json": true
      },
      "version": "4.1.0"
    }
  }
}